<?xml version="1.0" encoding="UTF-8"?>
<coverage generated="1623565803745" clover="3.2.0">
  <project timestamp="1623565803745" name="All files">
    <metrics statements="8" coveredstatements="6" conditionals="0" coveredconditionals="0" methods="1" coveredmethods="1" elements="9" coveredelements="7" complexity="0" loc="8" ncloc="8" packages="1" files="2" classes="2"/>
    <file name="flexCenter.ts" path="/home/dance2die/src/github/downwindcss/flex-center/src/flexCenter.ts">
      <metrics statements="6" coveredstatements="6" conditionals="0" coveredconditionals="0" methods="1" coveredmethods="1"/>
      <line num="1" count="1" type="stmt"/>
      <line num="3" count="2" type="stmt"/>
      <line num="4" count="2" type="stmt"/>
      <line num="12" count="2" type="stmt"/>
      <line num="13" count="2" type="stmt"/>
      <line num="16" count="1" type="stmt"/>
    </file>
    <file name="index.ts" path="/home/dance2die/src/github/downwindcss/flex-center/src/index.ts">
      <metrics statements="2" coveredstatements="0" conditionals="0" coveredconditionals="0" methods="0" coveredmethods="0"/>
      <line num="1" count="0" type="stmt"/>
      <line num="3" count="0" type="stmt"/>
    </file>
  </project>
</coverage>
