{"/home/dance2die/src/github/downwindcss/flex-center/src/flexCenter.ts": {"path":"/home/dance2die/src/github/downwindcss/flex-center/src/flexCenter.ts","statementMap":{"0":{"start":{"line":1,"column":15},"end":{"line":1,"column":44}},"1":{"start":{"line":3,"column":34},"end":{"line":3,"column":59}},"2":{"start":{"line":4,"column":28},"end":{"line":10,"column":4}},"3":{"start":{"line":12,"column":19},"end":{"line":12,"column":33}},"4":{"start":{"line":13,"column":2},"end":{"line":13,"column":48}},"5":{"start":{"line":16,"column":0},"end":{"line":16,"column":34}}},"fnMap":{"0":{"name":"flexCenter","decl":{"start":{"line":3,"column":9},"end":{"line":3,"column":19}},"loc":{"start":{"line":3,"column":59},"end":{"line":14,"column":1}}}},"branchMap":{},"s":{"0":1,"1":2,"2":2,"3":2,"4":2,"5":1},"f":{"0":2},"b":{}}
,"/home/dance2die/src/github/downwindcss/flex-center/src/index.ts": {"path":"/home/dance2die/src/github/downwindcss/flex-center/src/index.ts","statementMap":{"0":{"start":{"line":1,"column":0},"end":{"line":1,"column":38}},"1":{"start":{"line":3,"column":0},"end":{"line":3,"column":28}}},"fnMap":{},"branchMap":{},"s":{"0":0,"1":0},"f":{},"b":{}}
}
